{
  statusCode: 400,
  name: 'BizError',
  url: '/api/content/getNoteContent?noteId=662472f400000000030230ed',
  method: 'GET',
  level: '\x1B[31merror\x1B[39m',
  timestamp: '2024-06-17 14:35:40',
  message: '\x1B[31mtext is required\x1B[39m',
  stack: 'BizError: text is required\n' +
    '    at createError (/Users/luten2/Desktop/workspace/self/red_book_scripts/dist/utils/error.js:9:12)\n' +
    '    at /Users/luten2/Desktop/workspace/self/red_book_scripts/dist/controller/content.js:15:39\n' +
    '    at Layer.handle [as handle_request] (/Users/luten2/Desktop/workspace/self/red_book_scripts/node_modules/express/lib/router/layer.js:95:5)\n' +
    '    at next (/Users/luten2/Desktop/workspace/self/red_book_scripts/node_modules/express/lib/router/route.js:149:13)\n' +
    '    at Route.dispatch (/Users/luten2/Desktop/workspace/self/red_book_scripts/node_modules/express/lib/router/route.js:119:3)\n' +
    '    at Layer.handle [as handle_request] (/Users/luten2/Desktop/workspace/self/red_book_scripts/node_modules/express/lib/router/layer.js:95:5)\n' +
    '    at /Users/luten2/Desktop/workspace/self/red_book_scripts/node_modules/express/lib/router/index.js:284:15\n' +
    '    at Function.process_params (/Users/luten2/Desktop/workspace/self/red_book_scripts/node_modules/express/lib/router/index.js:346:12)\n' +
    '    at next (/Users/luten2/Desktop/workspace/self/red_book_scripts/node_modules/express/lib/router/index.js:280:10)\n' +
    '    at Function.handle (/Users/luten2/Desktop/workspace/self/red_book_scripts/node_modules/express/lib/router/index.js:175:3)'
}
{
  statusCode: 400,
  name: 'BizError',
  url: '/api/content/getNoteContent?noteId=662472f400000000030230ed',
  method: 'GET',
  level: '\x1B[31merror\x1B[39m',
  timestamp: '2024-06-17 14:48:04',
  message: '\x1B[31mtext is required\x1B[39m',
  stack: 'BizError: text is required\n' +
    '    at createError (/Users/luten2/Desktop/workspace/self/red_book_scripts/dist/utils/error.js:9:12)\n' +
    '    at /Users/luten2/Desktop/workspace/self/red_book_scripts/dist/controller/content.js:15:39\n' +
    '    at Layer.handle [as handle_request] (/Users/luten2/Desktop/workspace/self/red_book_scripts/node_modules/express/lib/router/layer.js:95:5)\n' +
    '    at next (/Users/luten2/Desktop/workspace/self/red_book_scripts/node_modules/express/lib/router/route.js:149:13)\n' +
    '    at Route.dispatch (/Users/luten2/Desktop/workspace/self/red_book_scripts/node_modules/express/lib/router/route.js:119:3)\n' +
    '    at Layer.handle [as handle_request] (/Users/luten2/Desktop/workspace/self/red_book_scripts/node_modules/express/lib/router/layer.js:95:5)\n' +
    '    at /Users/luten2/Desktop/workspace/self/red_book_scripts/node_modules/express/lib/router/index.js:284:15\n' +
    '    at Function.process_params (/Users/luten2/Desktop/workspace/self/red_book_scripts/node_modules/express/lib/router/index.js:346:12)\n' +
    '    at next (/Users/luten2/Desktop/workspace/self/red_book_scripts/node_modules/express/lib/router/index.js:280:10)\n' +
    '    at Function.handle (/Users/luten2/Desktop/workspace/self/red_book_scripts/node_modules/express/lib/router/index.js:175:3)'
}
{
  statusCode: 400,
  name: 'BizError',
  url: '/api/content/getNoteContent?text=662472f400000000030230ed',
  method: 'GET',
  level: '\x1B[31merror\x1B[39m',
  timestamp: '2024-06-17 14:48:13',
  message: '\x1B[31m解析短链失败\x1B[39m',
  stack: 'BizError: 解析短链失败\n' +
    '    at createError (/Users/luten2/Desktop/workspace/self/red_book_scripts/dist/utils/error.js:9:12)\n' +
    '    at ContentService.getNoteContent (/Users/luten2/Desktop/workspace/self/red_book_scripts/dist/service/contentService.js:15:43)\n' +
    '    at /Users/luten2/Desktop/workspace/self/red_book_scripts/dist/controller/content.js:17:20\n' +
    '    at Layer.handle [as handle_request] (/Users/luten2/Desktop/workspace/self/red_book_scripts/node_modules/express/lib/router/layer.js:95:5)\n' +
    '    at next (/Users/luten2/Desktop/workspace/self/red_book_scripts/node_modules/express/lib/router/route.js:149:13)\n' +
    '    at Route.dispatch (/Users/luten2/Desktop/workspace/self/red_book_scripts/node_modules/express/lib/router/route.js:119:3)\n' +
    '    at Layer.handle [as handle_request] (/Users/luten2/Desktop/workspace/self/red_book_scripts/node_modules/express/lib/router/layer.js:95:5)\n' +
    '    at /Users/luten2/Desktop/workspace/self/red_book_scripts/node_modules/express/lib/router/index.js:284:15\n' +
    '    at Function.process_params (/Users/luten2/Desktop/workspace/self/red_book_scripts/node_modules/express/lib/router/index.js:346:12)\n' +
    '    at next (/Users/luten2/Desktop/workspace/self/red_book_scripts/node_modules/express/lib/router/index.js:280:10)'
}
