{
  statusCode: 400,
  name: 'BizError',
  url: '/api/content/getNoteContent?text=662472f400000000030230ed',
  method: 'GET',
  level: '\x1B[31merror\x1B[39m',
  timestamp: '2024-06-17 15:43:30',
  message: '\x1B[31m解析短链失败\x1B[39m',
  stack: 'BizError: 解析短链失败\n' +
    '    at createError (/Users/luten2/Desktop/workspace/self/red_book_scripts/dist/utils/error.js:9:12)\n' +
    '    at ContentService.getNoteContent (/Users/luten2/Desktop/workspace/self/red_book_scripts/dist/service/contentService.js:15:43)\n' +
    '    at /Users/luten2/Desktop/workspace/self/red_book_scripts/dist/controller/content.js:19:39\n' +
    '    at newFn (/Users/luten2/Desktop/workspace/self/red_book_scripts/node_modules/express-async-errors/index.js:16:20)\n' +
    '    at Layer.handle [as handle_request] (/Users/luten2/Desktop/workspace/self/red_book_scripts/node_modules/express/lib/router/layer.js:95:5)\n' +
    '    at next (/Users/luten2/Desktop/workspace/self/red_book_scripts/node_modules/express/lib/router/route.js:149:13)\n' +
    '    at Route.dispatch (/Users/luten2/Desktop/workspace/self/red_book_scripts/node_modules/express/lib/router/route.js:119:3)\n' +
    '    at newFn (/Users/luten2/Desktop/workspace/self/red_book_scripts/node_modules/express-async-errors/index.js:16:20)\n' +
    '    at Layer.handle [as handle_request] (/Users/luten2/Desktop/workspace/self/red_book_scripts/node_modules/express/lib/router/layer.js:95:5)\n' +
    '    at /Users/luten2/Desktop/workspace/self/red_book_scripts/node_modules/express/lib/router/index.js:284:15'
}
{
  url: '/api/content/getNoteContent?text=87%20%E9%AB%98%E6%83%85%E5%95%86%E6%AF%8F%E6%97%A5%E7%BB%83%E5%8F%91%E5%B8%83%E4%BA%86%E4%B8%80%E7%AF%87%E5%B0%8F%E7%BA%A2%E4%B9%A6%E7%AC%94%E8%AE%B0%EF%BC%8C%E5%BF%AB%E6%9D%A5%E7%9C%8B%E5%90%A7%EF%BC%81%20%F0%9F%98%86%20ml95cP88oaET8Cq%20%F0%9F%98%86%20http://xhslink.com/hMUeWK%EF%BC%8C%E5%A4%8D%E5%88%B6%E6%9C%AC%E6%9D%A1%E4%BF%A1%E6%81%AF%EF%BC%8C%E6%89%93%E5%BC%80%E3%80%90%E5%B0%8F%E7%BA%A2%E4%B9%A6%E3%80%91App%E6%9F%A5%E7%9C%8B%E7%B2%BE%E5%BD%A9%E5%86%85%E5%AE%B9%EF%BC%81',
  method: 'GET',
  level: '\x1B[31merror\x1B[39m',
  timestamp: '2024-06-17 15:44:05',
  message: "\x1B[31mCannot read properties of undefined (reading 'responseUrl')\x1B[39m",
  stack: "TypeError: Cannot read properties of undefined (reading 'responseUrl')\n" +
    '    at getLongUrl (/Users/luten2/Desktop/workspace/self/red_book_scripts/dist/utils/crawl.js:19:33)\n' +
    '    at process.processTicksAndRejections (node:internal/process/task_queues:95:5)\n' +
    '    at async crawl (/Users/luten2/Desktop/workspace/self/red_book_scripts/dist/utils/crawl.js:70:21)\n' +
    '    at async ContentService.getNoteContent (/Users/luten2/Desktop/workspace/self/red_book_scripts/dist/service/contentService.js:17:24)\n' +
    '    at async /Users/luten2/Desktop/workspace/self/red_book_scripts/dist/controller/content.js:19:18'
}
{
  url: '/api/content/getNoteContent?text=87%20%E9%AB%98%E6%83%85%E5%95%86%E6%AF%8F%E6%97%A5%E7%BB%83%E5%8F%91%E5%B8%83%E4%BA%86%E4%B8%80%E7%AF%87%E5%B0%8F%E7%BA%A2%E4%B9%A6%E7%AC%94%E8%AE%B0%EF%BC%8C%E5%BF%AB%E6%9D%A5%E7%9C%8B%E5%90%A7%EF%BC%81%20%F0%9F%98%86%20ml95cP88oaET8Cq%20%F0%9F%98%86%20http://xhslink.com/hMUeWK%EF%BC%8C%E5%A4%8D%E5%88%B6%E6%9C%AC%E6%9D%A1%E4%BF%A1%E6%81%AF%EF%BC%8C%E6%89%93%E5%BC%80%E3%80%90%E5%B0%8F%E7%BA%A2%E4%B9%A6%E3%80%91App%E6%9F%A5%E7%9C%8B%E7%B2%BE%E5%BD%A9%E5%86%85%E5%AE%B9%EF%BC%81',
  method: 'GET',
  level: '\x1B[31merror\x1B[39m',
  timestamp: '2024-06-17 15:51:59',
  message: "\x1B[31mCannot read properties of undefined (reading 'responseUrl')\x1B[39m",
  stack: "TypeError: Cannot read properties of undefined (reading 'responseUrl')\n" +
    '    at getLongUrl (/Users/luten2/Desktop/workspace/self/red_book_scripts/dist/utils/crawl.js:20:33)\n' +
    '    at process.processTicksAndRejections (node:internal/process/task_queues:95:5)\n' +
    '    at async crawl (/Users/luten2/Desktop/workspace/self/red_book_scripts/dist/utils/crawl.js:71:21)\n' +
    '    at async ContentService.getNoteContent (/Users/luten2/Desktop/workspace/self/red_book_scripts/dist/service/contentService.js:17:24)\n' +
    '    at async /Users/luten2/Desktop/workspace/self/red_book_scripts/dist/controller/content.js:19:18'
}
{
  url: '/api/content/getNoteContent?text=87%20%E9%AB%98%E6%83%85%E5%95%86%E6%AF%8F%E6%97%A5%E7%BB%83%E5%8F%91%E5%B8%83%E4%BA%86%E4%B8%80%E7%AF%87%E5%B0%8F%E7%BA%A2%E4%B9%A6%E7%AC%94%E8%AE%B0%EF%BC%8C%E5%BF%AB%E6%9D%A5%E7%9C%8B%E5%90%A7%EF%BC%81%20%F0%9F%98%86%20ml95cP88oaET8Cq%20%F0%9F%98%86%20http://xhslink.com/hMUeWK%EF%BC%8C%E5%A4%8D%E5%88%B6%E6%9C%AC%E6%9D%A1%E4%BF%A1%E6%81%AF%EF%BC%8C%E6%89%93%E5%BC%80%E3%80%90%E5%B0%8F%E7%BA%A2%E4%B9%A6%E3%80%91App%E6%9F%A5%E7%9C%8B%E7%B2%BE%E5%BD%A9%E5%86%85%E5%AE%B9%EF%BC%81',
  method: 'GET',
  level: '\x1B[31merror\x1B[39m',
  timestamp: '2024-06-17 15:57:09',
  message: "\x1B[31mCannot read properties of undefined (reading 'responseUrl')\x1B[39m",
  stack: "TypeError: Cannot read properties of undefined (reading 'responseUrl')\n" +
    '    at getLongUrl (/Users/luten2/Desktop/workspace/self/red_book_scripts/dist/utils/crawl.js:21:33)\n' +
    '    at process.processTicksAndRejections (node:internal/process/task_queues:95:5)\n' +
    '    at async crawl (/Users/luten2/Desktop/workspace/self/red_book_scripts/dist/utils/crawl.js:72:21)\n' +
    '    at async ContentService.getNoteContent (/Users/luten2/Desktop/workspace/self/red_book_scripts/dist/service/contentService.js:17:24)\n' +
    '    at async /Users/luten2/Desktop/workspace/self/red_book_scripts/dist/controller/content.js:19:18'
}
