{
  level: '\x1B[31merror\x1B[39m',
  timestamp: '2024-06-14 15:49:16',
  message: '\x1B[31merror\x1B[39m',
  stack: 'Error: error\n' +
    '    at /Users/luten2/Desktop/workspace/self/red_book_scripts/dist/router.js:10:11\n' +
    '    at Layer.handle [as handle_request] (/Users/luten2/Desktop/workspace/self/red_book_scripts/node_modules/express/lib/router/layer.js:95:5)\n' +
    '    at next (/Users/luten2/Desktop/workspace/self/red_book_scripts/node_modules/express/lib/router/route.js:149:13)\n' +
    '    at Route.dispatch (/Users/luten2/Desktop/workspace/self/red_book_scripts/node_modules/express/lib/router/route.js:119:3)\n' +
    '    at Layer.handle [as handle_request] (/Users/luten2/Desktop/workspace/self/red_book_scripts/node_modules/express/lib/router/layer.js:95:5)\n' +
    '    at /Users/luten2/Desktop/workspace/self/red_book_scripts/node_modules/express/lib/router/index.js:284:15\n' +
    '    at Function.process_params (/Users/luten2/Desktop/workspace/self/red_book_scripts/node_modules/express/lib/router/index.js:346:12)\n' +
    '    at next (/Users/luten2/Desktop/workspace/self/red_book_scripts/node_modules/express/lib/router/index.js:280:10)\n' +
    '    at Function.handle (/Users/luten2/Desktop/workspace/self/red_book_scripts/node_modules/express/lib/router/index.js:175:3)\n' +
    '    at router (/Users/luten2/Desktop/workspace/self/red_book_scripts/node_modules/express/lib/router/index.js:47:12)'
}
{
  message: "\x1B[31m{ method: 'GET', url: '/api/user' }\x1B[39m",
  level: '\x1B[31merror\x1B[39m',
  timestamp: '2024-06-14 15:50:42'
}
{
  url: '/api/user',
  method: 'GET',
  level: '\x1B[31merror\x1B[39m',
  timestamp: '2024-06-14 15:51:35',
  message: '\x1B[31merror\x1B[39m',
  stack: 'Error: error\n' +
    '    at /Users/luten2/Desktop/workspace/self/red_book_scripts/dist/router.js:10:11\n' +
    '    at Layer.handle [as handle_request] (/Users/luten2/Desktop/workspace/self/red_book_scripts/node_modules/express/lib/router/layer.js:95:5)\n' +
    '    at next (/Users/luten2/Desktop/workspace/self/red_book_scripts/node_modules/express/lib/router/route.js:149:13)\n' +
    '    at Route.dispatch (/Users/luten2/Desktop/workspace/self/red_book_scripts/node_modules/express/lib/router/route.js:119:3)\n' +
    '    at Layer.handle [as handle_request] (/Users/luten2/Desktop/workspace/self/red_book_scripts/node_modules/express/lib/router/layer.js:95:5)\n' +
    '    at /Users/luten2/Desktop/workspace/self/red_book_scripts/node_modules/express/lib/router/index.js:284:15\n' +
    '    at Function.process_params (/Users/luten2/Desktop/workspace/self/red_book_scripts/node_modules/express/lib/router/index.js:346:12)\n' +
    '    at next (/Users/luten2/Desktop/workspace/self/red_book_scripts/node_modules/express/lib/router/index.js:280:10)\n' +
    '    at Function.handle (/Users/luten2/Desktop/workspace/self/red_book_scripts/node_modules/express/lib/router/index.js:175:3)\n' +
    '    at router (/Users/luten2/Desktop/workspace/self/red_book_scripts/node_modules/express/lib/router/index.js:47:12)'
}
