{
  url: '/api/content/getNoteContent?text=87%20%E9%AB%98%E6%83%85%E5%95%86%E6%AF%8F%E6%97%A5%E7%BB%83%E5%8F%91%E5%B8%83%E4%BA%86%E4%B8%80%E7%AF%87%E5%B0%8F%E7%BA%A2%E4%B9%A6%E7%AC%94%E8%AE%B0%EF%BC%8C%E5%BF%AB%E6%9D%A5%E7%9C%8B%E5%90%A7%EF%BC%81%20%F0%9F%98%86%20ml95cP88oaET8Cq%20%F0%9F%98%86%20http://xhslink.com/hMUeWK%EF%BC%8C%E5%A4%8D%E5%88%B6%E6%9C%AC%E6%9D%A1%E4%BF%A1%E6%81%AF%EF%BC%8C%E6%89%93%E5%BC%80%E3%80%90%E5%B0%8F%E7%BA%A2%E4%B9%A6%E3%80%91App%E6%9F%A5%E7%9C%8B%E7%B2%BE%E5%BD%A9%E5%86%85%E5%AE%B9%EF%BC%81',
  method: 'GET',
  level: '\x1B[31merror\x1B[39m',
  timestamp: '2024-06-17 16:00:01',
  message: "\x1B[31mCannot read properties of undefined (reading 'responseUrl')\x1B[39m",
  stack: "TypeError: Cannot read properties of undefined (reading 'responseUrl')\n" +
    '    at getLongUrl (/Users/luten2/Desktop/workspace/self/red_book_scripts/dist/utils/crawl.js:20:33)\n' +
    '    at process.processTicksAndRejections (node:internal/process/task_queues:95:5)\n' +
    '    at async crawl (/Users/luten2/Desktop/workspace/self/red_book_scripts/dist/utils/crawl.js:71:21)\n' +
    '    at async ContentService.getNoteContent (/Users/luten2/Desktop/workspace/self/red_book_scripts/dist/service/contentService.js:17:24)\n' +
    '    at async /Users/luten2/Desktop/workspace/self/red_book_scripts/dist/controller/content.js:19:18'
}
{
  statusCode: 400,
  name: 'BizError',
  url: '/api/content/getNoteContent?text=87%20%E9%AB%98%E6%83%85%E5%95%86%E6%AF%8F%E6%97%A5%E7%BB%83%E5%8F%91%E5%B8%83%E4%BA%86%E4%B8%80%E7%AF%87%E5%B0%8F%E7%BA%A2%E4%B9%A6%E7%AC%94%E8%AE%B0%EF%BC%8C%E5%BF%AB%E6%9D%A5%E7%9C%8B%E5%90%A7%EF%BC%81%20%F0%9F%98%86%20ml95cP88oaET8Cq%20%F0%9F%98%86%20http://xhslink.com/hMUeWK%EF%BC%8C%E5%A4%8D%E5%88%B6%E6%9C%AC%E6%9D%A1%E4%BF%A1%E6%81%AF%EF%BC%8C%E6%89%93%E5%BC%80%E3%80%90%E5%B0%8F%E7%BA%A2%E4%B9%A6%E3%80%91App%E6%9F%A5%E7%9C%8B%E7%B2%BE%E5%BD%A9%E5%86%85%E5%AE%B9%EF%BC%81',
  method: 'GET',
  level: '\x1B[31merror\x1B[39m',
  timestamp: '2024-06-17 16:02:27',
  message: '\x1B[31m获取笔记失败\x1B[39m',
  stack: 'BizError: 获取笔记失败\n' +
    '    at createError (/Users/luten2/Desktop/workspace/self/red_book_scripts/dist/utils/error.js:9:12)\n' +
    '    at ContentService.getNoteContent (/Users/luten2/Desktop/workspace/self/red_book_scripts/dist/service/contentService.js:20:43)\n' +
    '    at process.processTicksAndRejections (node:internal/process/task_queues:95:5)\n' +
    '    at async /Users/luten2/Desktop/workspace/self/red_book_scripts/dist/controller/content.js:19:18'
}
{
  statusCode: 500,
  url: '/api/content/getNoteContent?text=87%20%E9%AB%98%E6%83%85%E5%95%86%E6%AF%8F%E6%97%A5%E7%BB%83%E5%8F%91%E5%B8%83%E4%BA%86%E4%B8%80%E7%AF%87%E5%B0%8F%E7%BA%A2%E4%B9%A6%E7%AC%94%E8%AE%B0%EF%BC%8C%E5%BF%AB%E6%9D%A5%E7%9C%8B%E5%90%A7%EF%BC%81%20%F0%9F%98%86%20ml95cP88oaET8Cq%20%F0%9F%98%86%20http://xhslink.com/hMUeWK%EF%BC%8C%E5%A4%8D%E5%88%B6%E6%9C%AC%E6%9D%A1%E4%BF%A1%E6%81%AF%EF%BC%8C%E6%89%93%E5%BC%80%E3%80%90%E5%B0%8F%E7%BA%A2%E4%B9%A6%E3%80%91App%E6%9F%A5%E7%9C%8B%E7%B2%BE%E5%BD%A9%E5%86%85%E5%AE%B9%EF%BC%81',
  method: 'GET',
  level: '\x1B[31merror\x1B[39m',
  timestamp: '2024-06-17 16:12:28',
  message: '\x1B[31mInternal Server Error\x1B[39m',
  stack: 'TypeError: Internal Server Error\n' +
    '    at getLongUrl (/Users/luten2/Desktop/workspace/self/red_book_scripts/dist/utils/crawl.js:19:31)\n' +
    '    at process.processTicksAndRejections (node:internal/process/task_queues:95:5)\n' +
    '    at async crawl (/Users/luten2/Desktop/workspace/self/red_book_scripts/dist/utils/crawl.js:72:21)\n' +
    '    at async ContentService.getNoteContent (/Users/luten2/Desktop/workspace/self/red_book_scripts/dist/service/contentService.js:17:24)\n' +
    '    at async /Users/luten2/Desktop/workspace/self/red_book_scripts/dist/controller/content.js:19:18'
}
{
  statusCode: 400,
  name: 'BizError',
  url: '/api/content/getNoteContent?text=87%20%E9%AB%98%E6%83%85%E5%95%86%E6%AF%8F%E6%97%A5%E7%BB%83%E5%8F%91%E5%B8%83%E4%BA%86%E4%B8%80%E7%AF%87%E5%B0%8F%E7%BA%A2%E4%B9%A6%E7%AC%94%E8%AE%B0%EF%BC%8C%E5%BF%AB%E6%9D%A5%E7%9C%8B%E5%90%A7%EF%BC%81%20%F0%9F%98%86%20ml95cP88oaET8Cq%20%F0%9F%98%86%20http://xhslink.com/hMUeWK%EF%BC%8C%E5%A4%8D%E5%88%B6%E6%9C%AC%E6%9D%A1%E4%BF%A1%E6%81%AF%EF%BC%8C%E6%89%93%E5%BC%80%E3%80%90%E5%B0%8F%E7%BA%A2%E4%B9%A6%E3%80%91App%E6%9F%A5%E7%9C%8B%E7%B2%BE%E5%BD%A9%E5%86%85%E5%AE%B9%EF%BC%81',
  method: 'GET',
  level: '\x1B[31merror\x1B[39m',
  timestamp: '2024-06-17 16:12:43',
  message: '\x1B[31m获取笔记失败\x1B[39m',
  stack: 'BizError: 获取笔记失败\n' +
    '    at createError (/Users/luten2/Desktop/workspace/self/red_book_scripts/dist/utils/error.js:9:12)\n' +
    '    at ContentService.getNoteContent (/Users/luten2/Desktop/workspace/self/red_book_scripts/dist/service/contentService.js:20:43)\n' +
    '    at process.processTicksAndRejections (node:internal/process/task_queues:95:5)\n' +
    '    at async /Users/luten2/Desktop/workspace/self/red_book_scripts/dist/controller/content.js:19:18'
}
{
  statusCode: 500,
  url: '/api/content/getNoteContent?text=87%20%E9%AB%98%E6%83%85%E5%95%86%E6%AF%8F%E6%97%A5%E7%BB%83%E5%8F%91%E5%B8%83%E4%BA%86%E4%B8%80%E7%AF%87%E5%B0%8F%E7%BA%A2%E4%B9%A6%E7%AC%94%E8%AE%B0%EF%BC%8C%E5%BF%AB%E6%9D%A5%E7%9C%8B%E5%90%A7%EF%BC%81%20%F0%9F%98%86%20ml95cP88oaET8Cq%20%F0%9F%98%86%20http://xhslink.com/hMUeWK%EF%BC%8C%E5%A4%8D%E5%88%B6%E6%9C%AC%E6%9D%A1%E4%BF%A1%E6%81%AF%EF%BC%8C%E6%89%93%E5%BC%80%E3%80%90%E5%B0%8F%E7%BA%A2%E4%B9%A6%E3%80%91App%E6%9F%A5%E7%9C%8B%E7%B2%BE%E5%BD%A9%E5%86%85%E5%AE%B9%EF%BC%81',
  method: 'GET',
  level: '\x1B[31merror\x1B[39m',
  timestamp: '2024-06-17 16:14:07',
  message: '\x1B[31mInternal Server Error\x1B[39m',
  stack: 'Error: Internal Server Error\n' +
    '    at getLongUrl (/Users/luten2/Desktop/workspace/self/red_book_scripts/dist/utils/crawl.js:24:19)\n' +
    '    at process.processTicksAndRejections (node:internal/process/task_queues:95:5)\n' +
    '    at async crawl (/Users/luten2/Desktop/workspace/self/red_book_scripts/dist/utils/crawl.js:76:21)\n' +
    '    at async ContentService.getNoteContent (/Users/luten2/Desktop/workspace/self/red_book_scripts/dist/service/contentService.js:17:24)\n' +
    '    at async /Users/luten2/Desktop/workspace/self/red_book_scripts/dist/controller/content.js:19:18'
}
{
  url: '/api/content/getNoteContent?text=87%20%E9%AB%98%E6%83%85%E5%95%86%E6%AF%8F%E6%97%A5%E7%BB%83%E5%8F%91%E5%B8%83%E4%BA%86%E4%B8%80%E7%AF%87%E5%B0%8F%E7%BA%A2%E4%B9%A6%E7%AC%94%E8%AE%B0%EF%BC%8C%E5%BF%AB%E6%9D%A5%E7%9C%8B%E5%90%A7%EF%BC%81%20%F0%9F%98%86%20ml95cP88oaET8Cq%20%F0%9F%98%86%20http://xhslink.com/hMUeWK%EF%BC%8C%E5%A4%8D%E5%88%B6%E6%9C%AC%E6%9D%A1%E4%BF%A1%E6%81%AF%EF%BC%8C%E6%89%93%E5%BC%80%E3%80%90%E5%B0%8F%E7%BA%A2%E4%B9%A6%E3%80%91App%E6%9F%A5%E7%9C%8B%E7%B2%BE%E5%BD%A9%E5%86%85%E5%AE%B9%EF%BC%81',
  method: 'GET',
  level: '\x1B[31merror\x1B[39m',
  timestamp: '2024-06-17 16:16:13',
  message: '\x1B[31m获取长链接失败，请检查失败原因。\x1B[39m',
  stack: 'Error: 获取长链接失败，请检查失败原因。\n' +
    '    at getLongUrl (/Users/luten2/Desktop/workspace/self/red_book_scripts/dist/utils/crawl.js:24:19)\n' +
    '    at process.processTicksAndRejections (node:internal/process/task_queues:95:5)\n' +
    '    at async crawl (/Users/luten2/Desktop/workspace/self/red_book_scripts/dist/utils/crawl.js:76:21)\n' +
    '    at async ContentService.getNoteContent (/Users/luten2/Desktop/workspace/self/red_book_scripts/dist/service/contentService.js:17:24)\n' +
    '    at async /Users/luten2/Desktop/workspace/self/red_book_scripts/dist/controller/content.js:19:18'
}
{
  url: '/api/content/getNoteContent?text=87%20%E9%AB%98%E6%83%85%E5%95%86%E6%AF%8F%E6%97%A5%E7%BB%83%E5%8F%91%E5%B8%83%E4%BA%86%E4%B8%80%E7%AF%87%E5%B0%8F%E7%BA%A2%E4%B9%A6%E7%AC%94%E8%AE%B0%EF%BC%8C%E5%BF%AB%E6%9D%A5%E7%9C%8B%E5%90%A7%EF%BC%81%20%F0%9F%98%86%20ml95cP88oaET8Cq%20%F0%9F%98%86%20http://xhslink.com/hMUeWK%EF%BC%8C%E5%A4%8D%E5%88%B6%E6%9C%AC%E6%9D%A1%E4%BF%A1%E6%81%AF%EF%BC%8C%E6%89%93%E5%BC%80%E3%80%90%E5%B0%8F%E7%BA%A2%E4%B9%A6%E3%80%91App%E6%9F%A5%E7%9C%8B%E7%B2%BE%E5%BD%A9%E5%86%85%E5%AE%B9%EF%BC%81',
  method: 'GET',
  level: '\x1B[31merror\x1B[39m',
  timestamp: '2024-06-17 16:17:39',
  message: '\x1B[31m获取长链接失败，请检查失败原因。\x1B[39m',
  stack: 'Error: 获取长链接失败，请检查失败原因。\n' +
    '    at getLongUrl (/Users/luten2/Desktop/workspace/self/red_book_scripts/dist/utils/crawl.js:24:19)\n' +
    '    at process.processTicksAndRejections (node:internal/process/task_queues:95:5)\n' +
    '    at async crawl (/Users/luten2/Desktop/workspace/self/red_book_scripts/dist/utils/crawl.js:76:21)\n' +
    '    at async ContentService.getNoteContent (/Users/luten2/Desktop/workspace/self/red_book_scripts/dist/service/contentService.js:17:24)\n' +
    '    at async /Users/luten2/Desktop/workspace/self/red_book_scripts/dist/controller/content.js:19:18'
}
